  [1m[35m (119.3ms)[0m  [1m[35mCREATE TABLE "schema_migrations" ("version" character varying NOT NULL PRIMARY KEY)[0m
  ↳ bin/rails:4
  [1m[35m (15.6ms)[0m  [1m[35mCREATE TABLE "ar_internal_metadata" ("key" character varying NOT NULL PRIMARY KEY, "value" character varying, "created_at" timestamp NOT NULL, "updated_at" timestamp NOT NULL)[0m
  ↳ bin/rails:4
  [1m[35m (0.4ms)[0m  [1m[34mSELECT pg_try_advisory_lock(7246855577712064860)[0m
  ↳ bin/rails:4
  [1m[35m (1.1ms)[0m  [1m[34mSELECT "schema_migrations"."version" FROM "schema_migrations" ORDER BY "schema_migrations"."version" ASC[0m
  ↳ bin/rails:4
  [1m[36mActiveRecord::InternalMetadata Load (0.4ms)[0m  [1m[34mSELECT  "ar_internal_metadata".* FROM "ar_internal_metadata" WHERE "ar_internal_metadata"."key" = $1 LIMIT $2[0m  [["key", "environment"], ["LIMIT", 1]]
  ↳ bin/rails:4
  [1m[35m (0.2ms)[0m  [1m[35mBEGIN[0m
  ↳ bin/rails:4
  [1m[36mActiveRecord::InternalMetadata Create (1.2ms)[0m  [1m[32mINSERT INTO "ar_internal_metadata" ("key", "value", "created_at", "updated_at") VALUES ($1, $2, $3, $4) RETURNING "key"[0m  [["key", "environment"], ["value", "development"], ["created_at", "2018-05-01 14:39:18.822691"], ["updated_at", "2018-05-01 14:39:18.822691"]]
  ↳ bin/rails:4
  [1m[35m (2.6ms)[0m  [1m[35mCOMMIT[0m
  ↳ bin/rails:4
  [1m[35m (0.5ms)[0m  [1m[34mSELECT pg_advisory_unlock(7246855577712064860)[0m
  ↳ bin/rails:4
  [1m[35m (0.4ms)[0m  [1m[34mSELECT "schema_migrations"."version" FROM "schema_migrations" ORDER BY "schema_migrations"."version" ASC[0m
  ↳ bin/rails:4
Started GET "/" for 172.19.0.1 at 2018-05-01 14:47:54 +0000
Processing by Rails::WelcomeController#index as HTML
  Rendering /usr/local/bundle/gems/railties-5.2.0/lib/rails/templates/rails/welcome/index.html.erb
  Rendered /usr/local/bundle/gems/railties-5.2.0/lib/rails/templates/rails/welcome/index.html.erb (14.4ms)
Completed 200 OK in 45ms (Views: 43.9ms | ActiveRecord: 0.0ms)


  [1m[35m (0.4ms)[0m  [1m[34mSELECT pg_try_advisory_lock(7246855577712064860)[0m
  ↳ bin/rails:4
  [1m[35m (1.0ms)[0m  [1m[34mSELECT "schema_migrations"."version" FROM "schema_migrations" ORDER BY "schema_migrations"."version" ASC[0m
  ↳ bin/rails:4
Migrating to CreateUsers (20180501151104)
  [1m[35m (0.4ms)[0m  [1m[35mBEGIN[0m
  ↳ bin/rails:4
  [1m[35m (10.8ms)[0m  [1m[35mCREATE TABLE "users" ("id" bigserial primary key, "created_at" timestamp NOT NULL, "updated_at" timestamp NOT NULL)[0m
  ↳ db/migrate/20180501151104_create_users.rb:3
  [1m[36mActiveRecord::SchemaMigration Create (0.8ms)[0m  [1m[32mINSERT INTO "schema_migrations" ("version") VALUES ($1) RETURNING "version"[0m  [["version", "20180501151104"]]
  ↳ bin/rails:4
  [1m[35m (2.8ms)[0m  [1m[35mCOMMIT[0m
  ↳ bin/rails:4
Migrating to AddColumnToUsers (20180501151136)
  [1m[35m (0.5ms)[0m  [1m[35mBEGIN[0m
  ↳ bin/rails:4
  [1m[35m (8.4ms)[0m  [1m[35mALTER TABLE "users" ADD "name" character varying[0m
  ↳ db/migrate/20180501151136_add_column_to_users.rb:3
  [1m[36mActiveRecord::SchemaMigration Create (0.7ms)[0m  [1m[32mINSERT INTO "schema_migrations" ("version") VALUES ($1) RETURNING "version"[0m  [["version", "20180501151136"]]
  ↳ bin/rails:4
  [1m[35m (2.6ms)[0m  [1m[35mCOMMIT[0m
  ↳ bin/rails:4
  [1m[36mActiveRecord::InternalMetadata Load (0.8ms)[0m  [1m[34mSELECT  "ar_internal_metadata".* FROM "ar_internal_metadata" WHERE "ar_internal_metadata"."key" = $1 LIMIT $2[0m  [["key", "environment"], ["LIMIT", 1]]
  ↳ bin/rails:4
  [1m[35m (0.7ms)[0m  [1m[35mBEGIN[0m
  ↳ bin/rails:4
  [1m[35m (0.5ms)[0m  [1m[35mCOMMIT[0m
  ↳ bin/rails:4
  [1m[35m (0.6ms)[0m  [1m[34mSELECT pg_advisory_unlock(7246855577712064860)[0m
  ↳ bin/rails:4
  [1m[35m (0.6ms)[0m  [1m[34mSELECT "schema_migrations"."version" FROM "schema_migrations" ORDER BY "schema_migrations"."version" ASC[0m
  ↳ bin/rails:4
Started GET "/" for 172.19.0.1 at 2018-05-01 15:19:44 +0000
  [1m[35m (0.9ms)[0m  [1m[34mSELECT "schema_migrations"."version" FROM "schema_migrations" ORDER BY "schema_migrations"."version" ASC[0m
  ↳ /usr/local/bundle/gems/activerecord-5.2.0/lib/active_record/log_subscriber.rb:98
Processing by Rails::WelcomeController#index as HTML
  Rendering /usr/local/bundle/gems/railties-5.2.0/lib/rails/templates/rails/welcome/index.html.erb
  Rendered /usr/local/bundle/gems/railties-5.2.0/lib/rails/templates/rails/welcome/index.html.erb (9.2ms)
Completed 200 OK in 29ms (Views: 26.0ms | ActiveRecord: 0.0ms)


Started POST "/users" for 172.19.0.1 at 2018-05-01 15:19:52 +0000
Processing by UsersController#create as */*
  Parameters: {"user"=>{"name"=>"meru"}}
  [1m[35m (0.4ms)[0m  [1m[35mBEGIN[0m
  ↳ app/controllers/users_controller.rb:20
  [1m[36mUser Create (1.3ms)[0m  [1m[32mINSERT INTO "users" ("created_at", "updated_at", "name") VALUES ($1, $2, $3) RETURNING "id"[0m  [["created_at", "2018-05-01 15:19:52.482774"], ["updated_at", "2018-05-01 15:19:52.482774"], ["name", "meru"]]
  ↳ app/controllers/users_controller.rb:20
  [1m[35m (2.4ms)[0m  [1m[35mCOMMIT[0m
  ↳ app/controllers/users_controller.rb:20
Completed 201 Created in 51ms (Views: 1.0ms | ActiveRecord: 10.1ms)


Started GET "/users" for 172.19.0.1 at 2018-05-01 15:20:03 +0000
Processing by UsersController#index as */*
  [1m[36mUser Load (1.1ms)[0m  [1m[34mSELECT "users".* FROM "users"[0m
  ↳ app/controllers/users_controller.rb:8
Completed 200 OK in 11ms (Views: 9.8ms | ActiveRecord: 1.1ms)


Started GET "/users" for 172.19.0.1 at 2018-05-01 15:20:10 +0000
Processing by UsersController#index as */*
  [1m[36mUser Load (0.8ms)[0m  [1m[34mSELECT "users".* FROM "users"[0m
  ↳ app/controllers/users_controller.rb:8
Completed 200 OK in 7ms (Views: 6.1ms | ActiveRecord: 0.8ms)


Started GET "/users" for 172.19.0.1 at 2018-05-01 15:20:28 +0000
Processing by UsersController#index as */*
  [1m[36mUser Load (0.8ms)[0m  [1m[34mSELECT "users".* FROM "users"[0m
  ↳ app/controllers/users_controller.rb:8
Completed 200 OK in 4ms (Views: 2.7ms | ActiveRecord: 0.8ms)


Started GET "/users" for 172.19.0.1 at 2018-05-01 15:20:34 +0000
Processing by UsersController#index as */*
  [1m[36mUser Load (1.1ms)[0m  [1m[34mSELECT "users".* FROM "users"[0m
  ↳ app/controllers/users_controller.rb:8
Completed 200 OK in 7ms (Views: 5.2ms | ActiveRecord: 1.1ms)


Started GET "/" for 172.19.0.1 at 2018-05-01 15:56:02 +0000
  [1m[35m (0.9ms)[0m  [1m[34mSELECT "schema_migrations"."version" FROM "schema_migrations" ORDER BY "schema_migrations"."version" ASC[0m
  ↳ /usr/local/bundle/gems/activerecord-5.2.0/lib/active_record/log_subscriber.rb:98
Processing by Rails::WelcomeController#index as HTML
  Rendering /usr/local/bundle/gems/railties-5.2.0/lib/rails/templates/rails/welcome/index.html.erb
  Rendered /usr/local/bundle/gems/railties-5.2.0/lib/rails/templates/rails/welcome/index.html.erb (12.9ms)
Completed 200 OK in 38ms (Views: 36.4ms | ActiveRecord: 0.0ms)


Started GET "/favicon.ico" for 172.19.0.1 at 2018-05-01 15:56:03 +0000
  
ActionController::RoutingError (No route matches [GET] "/favicon.ico"):
  
actionpack (5.2.0) lib/action_dispatch/middleware/debug_exceptions.rb:65:in `call'
actionpack (5.2.0) lib/action_dispatch/middleware/show_exceptions.rb:33:in `call'
railties (5.2.0) lib/rails/rack/logger.rb:38:in `call_app'
railties (5.2.0) lib/rails/rack/logger.rb:26:in `block in call'
activesupport (5.2.0) lib/active_support/tagged_logging.rb:71:in `block in tagged'
activesupport (5.2.0) lib/active_support/tagged_logging.rb:28:in `tagged'
activesupport (5.2.0) lib/active_support/tagged_logging.rb:71:in `tagged'
railties (5.2.0) lib/rails/rack/logger.rb:26:in `call'
actionpack (5.2.0) lib/action_dispatch/middleware/remote_ip.rb:81:in `call'
actionpack (5.2.0) lib/action_dispatch/middleware/request_id.rb:27:in `call'
rack (2.0.5) lib/rack/runtime.rb:22:in `call'
activesupport (5.2.0) lib/active_support/cache/strategy/local_cache_middleware.rb:29:in `call'
actionpack (5.2.0) lib/action_dispatch/middleware/executor.rb:14:in `call'
actionpack (5.2.0) lib/action_dispatch/middleware/static.rb:127:in `call'
rack (2.0.5) lib/rack/sendfile.rb:111:in `call'
railties (5.2.0) lib/rails/engine.rb:524:in `call'
puma (3.11.4) lib/puma/configuration.rb:225:in `call'
puma (3.11.4) lib/puma/server.rb:632:in `handle_request'
puma (3.11.4) lib/puma/server.rb:446:in `process_client'
puma (3.11.4) lib/puma/server.rb:306:in `block in run'
puma (3.11.4) lib/puma/thread_pool.rb:120:in `block in spawn_thread'
Started GET "/" for 172.19.0.1 at 2018-05-01 16:47:42 +0000
  [1m[35m (4.3ms)[0m  [1m[34mSELECT "schema_migrations"."version" FROM "schema_migrations" ORDER BY "schema_migrations"."version" ASC[0m
  ↳ /usr/local/bundle/gems/activerecord-5.2.0/lib/active_record/log_subscriber.rb:98
Processing by Rails::WelcomeController#index as HTML
  Rendering /usr/local/bundle/gems/railties-5.2.0/lib/rails/templates/rails/welcome/index.html.erb
  Rendered /usr/local/bundle/gems/railties-5.2.0/lib/rails/templates/rails/welcome/index.html.erb (8.3ms)
Completed 200 OK in 40ms (Views: 29.8ms | ActiveRecord: 0.0ms)


Started GET "/" for 172.19.0.1 at 2018-05-01 16:56:14 +0000
  [1m[35m (1.1ms)[0m  [1m[34mSELECT "schema_migrations"."version" FROM "schema_migrations" ORDER BY "schema_migrations"."version" ASC[0m
  ↳ /usr/local/bundle/gems/activerecord-5.2.0/lib/active_record/log_subscriber.rb:98
Processing by Rails::WelcomeController#index as HTML
  Rendering /usr/local/bundle/gems/railties-5.2.0/lib/rails/templates/rails/welcome/index.html.erb
  Rendered /usr/local/bundle/gems/railties-5.2.0/lib/rails/templates/rails/welcome/index.html.erb (7.9ms)
Completed 200 OK in 30ms (Views: 27.6ms | ActiveRecord: 0.0ms)


Started GET "/" for 172.19.0.1 at 2018-05-01 17:22:39 +0000
  
ActiveRecord::PendingMigrationError (

Migrations are pending. To resolve this issue, run:

        bin/rails db:migrate RAILS_ENV=development

):
  
activerecord (5.2.0) lib/active_record/migration.rb:579:in `check_pending!'
activerecord (5.2.0) lib/active_record/migration.rb:556:in `call'
actionpack (5.2.0) lib/action_dispatch/middleware/callbacks.rb:28:in `block in call'
activesupport (5.2.0) lib/active_support/callbacks.rb:98:in `run_callbacks'
actionpack (5.2.0) lib/action_dispatch/middleware/callbacks.rb:26:in `call'
actionpack (5.2.0) lib/action_dispatch/middleware/executor.rb:14:in `call'
actionpack (5.2.0) lib/action_dispatch/middleware/debug_exceptions.rb:61:in `call'
actionpack (5.2.0) lib/action_dispatch/middleware/show_exceptions.rb:33:in `call'
railties (5.2.0) lib/rails/rack/logger.rb:38:in `call_app'
railties (5.2.0) lib/rails/rack/logger.rb:26:in `block in call'
activesupport (5.2.0) lib/active_support/tagged_logging.rb:71:in `block in tagged'
activesupport (5.2.0) lib/active_support/tagged_logging.rb:28:in `tagged'
activesupport (5.2.0) lib/active_support/tagged_logging.rb:71:in `tagged'
railties (5.2.0) lib/rails/rack/logger.rb:26:in `call'
actionpack (5.2.0) lib/action_dispatch/middleware/remote_ip.rb:81:in `call'
actionpack (5.2.0) lib/action_dispatch/middleware/request_id.rb:27:in `call'
rack (2.0.5) lib/rack/runtime.rb:22:in `call'
activesupport (5.2.0) lib/active_support/cache/strategy/local_cache_middleware.rb:29:in `call'
actionpack (5.2.0) lib/action_dispatch/middleware/executor.rb:14:in `call'
actionpack (5.2.0) lib/action_dispatch/middleware/static.rb:127:in `call'
rack (2.0.5) lib/rack/sendfile.rb:111:in `call'
railties (5.2.0) lib/rails/engine.rb:524:in `call'
puma (3.11.4) lib/puma/configuration.rb:225:in `call'
puma (3.11.4) lib/puma/server.rb:632:in `handle_request'
puma (3.11.4) lib/puma/server.rb:446:in `process_client'
puma (3.11.4) lib/puma/server.rb:306:in `block in run'
puma (3.11.4) lib/puma/thread_pool.rb:120:in `block in spawn_thread'
  [1m[35m (13.3ms)[0m  [1m[35mCREATE TABLE "schema_migrations" ("version" character varying NOT NULL PRIMARY KEY)[0m
  ↳ bin/rails:4
  [1m[35m (16.2ms)[0m  [1m[35mCREATE TABLE "ar_internal_metadata" ("key" character varying NOT NULL PRIMARY KEY, "value" character varying, "created_at" timestamp NOT NULL, "updated_at" timestamp NOT NULL)[0m
  ↳ bin/rails:4
  [1m[35m (0.5ms)[0m  [1m[34mSELECT pg_try_advisory_lock(7246855577712064860)[0m
  ↳ bin/rails:4
  [1m[35m (1.5ms)[0m  [1m[34mSELECT "schema_migrations"."version" FROM "schema_migrations" ORDER BY "schema_migrations"."version" ASC[0m
  ↳ bin/rails:4
Migrating to CreateUsers (20180501151104)
  [1m[35m (0.9ms)[0m  [1m[35mBEGIN[0m
  ↳ bin/rails:4
  [1m[35m (20.7ms)[0m  [1m[35mCREATE TABLE "users" ("id" bigserial primary key, "created_at" timestamp NOT NULL, "updated_at" timestamp NOT NULL)[0m
  ↳ db/migrate/20180501151104_create_users.rb:3
  [1m[36mActiveRecord::SchemaMigration Create (1.4ms)[0m  [1m[32mINSERT INTO "schema_migrations" ("version") VALUES ($1) RETURNING "version"[0m  [["version", "20180501151104"]]
  ↳ bin/rails:4
  [1m[35m (4.0ms)[0m  [1m[35mCOMMIT[0m
  ↳ bin/rails:4
Migrating to AddColumnToUsers (20180501151136)
  [1m[35m (0.8ms)[0m  [1m[35mBEGIN[0m
  ↳ bin/rails:4
  [1m[35m (25.2ms)[0m  [1m[35mALTER TABLE "users" ADD "name" character varying[0m
  ↳ db/migrate/20180501151136_add_column_to_users.rb:3
  [1m[36mActiveRecord::SchemaMigration Create (1.7ms)[0m  [1m[32mINSERT INTO "schema_migrations" ("version") VALUES ($1) RETURNING "version"[0m  [["version", "20180501151136"]]
  ↳ bin/rails:4
  [1m[35m (3.8ms)[0m  [1m[35mCOMMIT[0m
  ↳ bin/rails:4
  [1m[36mActiveRecord::InternalMetadata Load (1.0ms)[0m  [1m[34mSELECT  "ar_internal_metadata".* FROM "ar_internal_metadata" WHERE "ar_internal_metadata"."key" = $1 LIMIT $2[0m  [["key", "environment"], ["LIMIT", 1]]
  ↳ bin/rails:4
  [1m[35m (1.1ms)[0m  [1m[35mBEGIN[0m
  ↳ bin/rails:4
  [1m[36mActiveRecord::InternalMetadata Create (1.3ms)[0m  [1m[32mINSERT INTO "ar_internal_metadata" ("key", "value", "created_at", "updated_at") VALUES ($1, $2, $3, $4) RETURNING "key"[0m  [["key", "environment"], ["value", "development"], ["created_at", "2018-05-01 17:24:19.395410"], ["updated_at", "2018-05-01 17:24:19.395410"]]
  ↳ bin/rails:4
  [1m[35m (3.1ms)[0m  [1m[35mCOMMIT[0m
  ↳ bin/rails:4
  [1m[35m (1.0ms)[0m  [1m[34mSELECT pg_advisory_unlock(7246855577712064860)[0m
  ↳ bin/rails:4
  [1m[35m (1.3ms)[0m  [1m[34mSELECT "schema_migrations"."version" FROM "schema_migrations" ORDER BY "schema_migrations"."version" ASC[0m
  ↳ bin/rails:4
Started GET "/" for 172.19.0.1 at 2018-05-01 17:24:30 +0000
  [1m[35m (1.8ms)[0m  [1m[34mSELECT "schema_migrations"."version" FROM "schema_migrations" ORDER BY "schema_migrations"."version" ASC[0m
  ↳ /usr/local/bundle/gems/activerecord-5.2.0/lib/active_record/log_subscriber.rb:98
Processing by Rails::WelcomeController#index as HTML
  Rendering /usr/local/bundle/gems/railties-5.2.0/lib/rails/templates/rails/welcome/index.html.erb
  Rendered /usr/local/bundle/gems/railties-5.2.0/lib/rails/templates/rails/welcome/index.html.erb (15.7ms)
Completed 200 OK in 58ms (Views: 55.1ms | ActiveRecord: 0.0ms)


